<?xml version="1.0" encoding="UTF-8"?>
<!-- Generated by org.testng.reporters.JUnitXMLReporter -->
<testsuite ignored="3" hostname="Mathi" failures="0" tests="2" name="Test" time="12.028" errors="0" timestamp="2023-12-05T19:25:46 IST">
  <testcase classname="BatchExecution.ToLaunchMustang" name="launchMustang" time="4.688"/>
  <testcase classname="BatchExecution.ToLaunchBMW" name="launchBMW" time="11.971"/>
  <testcase classname="BatchExecution.ToLaunchPorsche" name="launchPorsche" time="0.0">
    <ignored/>
  </testcase> <!-- launchPorsche -->
  <testcase classname="BatchExecution.ToLaunchTesla" name="launchTesla" time="0.0">
    <ignored/>
  </testcase> <!-- launchTesla -->
  <testcase classname="BatchExecution.ToLaunchTata" name="launchTata" time="0.0">
    <ignored/>
  </testcase> <!-- launchTata -->
</testsuite> <!-- Test -->
