<?xml version="1.0" encoding="UTF-8"?>
<testng-results ignored="0" total="2" passed="2" failed="0" skipped="0">
  <reporter-output>
    <line>
      <![CDATA[Hello from M1]]>
    </line>
  </reporter-output>
  <suite started-at="2024-02-23T16:32:35 IST" name="Default suite" finished-at="2024-02-23T16:32:35 IST" duration-ms="63">
    <groups>
    </groups>
    <test started-at="2024-02-23T16:32:35 IST" name="Default test" finished-at="2024-02-23T16:32:35 IST" duration-ms="63">
      <class name="advancedSelenium.Testcase_006_Assertion">
        <test-method signature="jewels()[pri:0, instance:advancedSelenium.Testcase_006_Assertion@7a419da4]" started-at="2024-02-23T16:32:35 IST" name="jewels" finished-at="2024-02-23T16:32:35 IST" duration-ms="17" status="PASS">
          <reporter-output>
          </reporter-output>
        </test-method> <!-- jewels -->
        <test-method signature="m1()[pri:0, instance:advancedSelenium.Testcase_006_Assertion@7a419da4]" started-at="2024-02-23T16:32:35 IST" name="m1" finished-at="2024-02-23T16:32:35 IST" duration-ms="6" status="PASS">
          <reporter-output>
            <line>
              <![CDATA[Hello from M1]]>
            </line>
          </reporter-output>
        </test-method> <!-- m1 -->
      </class> <!-- advancedSelenium.Testcase_006_Assertion -->
    </test> <!-- Default test -->
  </suite> <!-- Default suite -->
</testng-results>
